   0  $accept : %entry% $end

   1  program : decls EOF

   2  decls :
   3        | decls vdecl
   4        | decls fdecl
   5        | decls sdecl

   6  fdecl : special_type ID LPAREN formals_opt RPAREN LBRACE vdecl_list stmt_list RBRACE

   7  formals_opt :
   8              | formal_list

   9  formal_list : special_type ID
  10              | formal_list COMMA special_type ID

  11  sdecl : STRUCT ID LBRACE vdecl_list RBRACE SEMI

  12  typ : INT
  13      | BOOL
  14      | FLOAT
  15      | VOID
  16      | STRING
  17      | CHAR

  18  special_type : typ
  19               | special_type LSQUARE INTLIT RSQUARE

  20  vdecl_list :
  21             | vdecl_list vdecl

  22  vdecl : special_type ID SEMI

  23  stmt_list :
  24            | stmt_list stmt

  25  stmt : expr SEMI
  26       | RETURN expr_opt SEMI
  27       | LBRACE stmt_list RBRACE
  28       | IF LPAREN expr RPAREN stmt
  29       | IF LPAREN expr RPAREN stmt ELSE stmt
  30       | FOR LPAREN expr_opt SEMI expr SEMI expr_opt RPAREN stmt
  31       | WHILE LPAREN expr RPAREN stmt

  32  expr_opt :
  33           | expr

  34  array_list : expr
  35             | array_list COMMA expr

  36  expr : CHARLIT
  37       | INTLIT
  38       | BLIT
  39       | FLIT
  40       | STRLIT
  41       | ID
  42       | LBRACE array_list RBRACE
  43       | expr PLUS expr
  44       | expr MINUS expr
  45       | expr TIMES expr
  46       | expr DIVIDE expr
  47       | expr EQ expr
  48       | expr NEQ expr
  49       | expr LT expr
  50       | expr LEQ expr
  51       | expr GT expr
  52       | expr GEQ expr
  53       | expr AND expr
  54       | expr OR expr
  55       | MINUS expr
  56       | NOT expr
  57       | ID ASSIGN expr
  58       | ID LPAREN args_opt RPAREN
  59       | LPAREN expr RPAREN

  60  args_opt :
  61           | args_list

  62  args_list : expr
  63            | args_list COMMA expr

  64  %entry% : '\001' program

state 0
	$accept : . %entry% $end  (0)

	'\001'  shift 1
	.  error

	%entry%  goto 2


state 1
	%entry% : '\001' . program  (64)
	decls : .  (2)

	.  reduce 2

	program  goto 3
	decls  goto 4


state 2
	$accept : %entry% . $end  (0)

	$end  accept


state 3
	%entry% : '\001' program .  (64)

	.  reduce 64


state 4
	program : decls . EOF  (1)
	decls : decls . vdecl  (3)
	decls : decls . fdecl  (4)
	decls : decls . sdecl  (5)

	INT  shift 5
	BOOL  shift 6
	FLOAT  shift 7
	VOID  shift 8
	STRING  shift 9
	CHAR  shift 10
	STRUCT  shift 11
	EOF  shift 12
	.  error

	vdecl  goto 13
	fdecl  goto 14
	sdecl  goto 15
	special_type  goto 16
	typ  goto 17


state 5
	typ : INT .  (12)

	.  reduce 12


state 6
	typ : BOOL .  (13)

	.  reduce 13


state 7
	typ : FLOAT .  (14)

	.  reduce 14


state 8
	typ : VOID .  (15)

	.  reduce 15


state 9
	typ : STRING .  (16)

	.  reduce 16


state 10
	typ : CHAR .  (17)

	.  reduce 17


state 11
	sdecl : STRUCT . ID LBRACE vdecl_list RBRACE SEMI  (11)

	ID  shift 18
	.  error


state 12
	program : decls EOF .  (1)

	.  reduce 1


state 13
	decls : decls vdecl .  (3)

	.  reduce 3


state 14
	decls : decls fdecl .  (4)

	.  reduce 4


state 15
	decls : decls sdecl .  (5)

	.  reduce 5


state 16
	fdecl : special_type . ID LPAREN formals_opt RPAREN LBRACE vdecl_list stmt_list RBRACE  (6)
	special_type : special_type . LSQUARE INTLIT RSQUARE  (19)
	vdecl : special_type . ID SEMI  (22)

	LSQUARE  shift 19
	ID  shift 20
	.  error


state 17
	special_type : typ .  (18)

	.  reduce 18


state 18
	sdecl : STRUCT ID . LBRACE vdecl_list RBRACE SEMI  (11)

	LBRACE  shift 21
	.  error


state 19
	special_type : special_type LSQUARE . INTLIT RSQUARE  (19)

	INTLIT  shift 22
	.  error


state 20
	fdecl : special_type ID . LPAREN formals_opt RPAREN LBRACE vdecl_list stmt_list RBRACE  (6)
	vdecl : special_type ID . SEMI  (22)

	SEMI  shift 23
	LPAREN  shift 24
	.  error


state 21
	sdecl : STRUCT ID LBRACE . vdecl_list RBRACE SEMI  (11)
	vdecl_list : .  (20)

	.  reduce 20

	vdecl_list  goto 25


state 22
	special_type : special_type LSQUARE INTLIT . RSQUARE  (19)

	RSQUARE  shift 26
	.  error


state 23
	vdecl : special_type ID SEMI .  (22)

	.  reduce 22


state 24
	fdecl : special_type ID LPAREN . formals_opt RPAREN LBRACE vdecl_list stmt_list RBRACE  (6)
	formals_opt : .  (7)

	INT  shift 5
	BOOL  shift 6
	FLOAT  shift 7
	VOID  shift 8
	STRING  shift 9
	CHAR  shift 10
	RPAREN  reduce 7

	special_type  goto 27
	formals_opt  goto 28
	formal_list  goto 29
	typ  goto 17


state 25
	sdecl : STRUCT ID LBRACE vdecl_list . RBRACE SEMI  (11)
	vdecl_list : vdecl_list . vdecl  (21)

	RBRACE  shift 30
	INT  shift 5
	BOOL  shift 6
	FLOAT  shift 7
	VOID  shift 8
	STRING  shift 9
	CHAR  shift 10
	.  error

	vdecl  goto 31
	special_type  goto 32
	typ  goto 17


state 26
	special_type : special_type LSQUARE INTLIT RSQUARE .  (19)

	.  reduce 19


state 27
	formal_list : special_type . ID  (9)
	special_type : special_type . LSQUARE INTLIT RSQUARE  (19)

	LSQUARE  shift 19
	ID  shift 33
	.  error


state 28
	fdecl : special_type ID LPAREN formals_opt . RPAREN LBRACE vdecl_list stmt_list RBRACE  (6)

	RPAREN  shift 34
	.  error


state 29
	formals_opt : formal_list .  (8)
	formal_list : formal_list . COMMA special_type ID  (10)

	COMMA  shift 35
	RPAREN  reduce 8


state 30
	sdecl : STRUCT ID LBRACE vdecl_list RBRACE . SEMI  (11)

	SEMI  shift 36
	.  error


state 31
	vdecl_list : vdecl_list vdecl .  (21)

	.  reduce 21


state 32
	special_type : special_type . LSQUARE INTLIT RSQUARE  (19)
	vdecl : special_type . ID SEMI  (22)

	LSQUARE  shift 19
	ID  shift 37
	.  error


state 33
	formal_list : special_type ID .  (9)

	.  reduce 9


state 34
	fdecl : special_type ID LPAREN formals_opt RPAREN . LBRACE vdecl_list stmt_list RBRACE  (6)

	LBRACE  shift 38
	.  error


state 35
	formal_list : formal_list COMMA . special_type ID  (10)

	INT  shift 5
	BOOL  shift 6
	FLOAT  shift 7
	VOID  shift 8
	STRING  shift 9
	CHAR  shift 10
	.  error

	special_type  goto 39
	typ  goto 17


state 36
	sdecl : STRUCT ID LBRACE vdecl_list RBRACE SEMI .  (11)

	.  reduce 11


state 37
	vdecl : special_type ID . SEMI  (22)

	SEMI  shift 23
	.  error


state 38
	fdecl : special_type ID LPAREN formals_opt RPAREN LBRACE . vdecl_list stmt_list RBRACE  (6)
	vdecl_list : .  (20)

	.  reduce 20

	vdecl_list  goto 40


state 39
	formal_list : formal_list COMMA special_type . ID  (10)
	special_type : special_type . LSQUARE INTLIT RSQUARE  (19)

	LSQUARE  shift 19
	ID  shift 41
	.  error


state 40
	fdecl : special_type ID LPAREN formals_opt RPAREN LBRACE vdecl_list . stmt_list RBRACE  (6)
	vdecl_list : vdecl_list . vdecl  (21)
	stmt_list : .  (23)

	INT  shift 5
	BOOL  shift 6
	FLOAT  shift 7
	VOID  shift 8
	STRING  shift 9
	CHAR  shift 10
	LPAREN  reduce 23
	LBRACE  reduce 23
	RBRACE  reduce 23
	MINUS  reduce 23
	NOT  reduce 23
	RETURN  reduce 23
	IF  reduce 23
	FOR  reduce 23
	WHILE  reduce 23
	CHARLIT  reduce 23
	INTLIT  reduce 23
	BLIT  reduce 23
	ID  reduce 23
	FLIT  reduce 23
	STRLIT  reduce 23

	vdecl  goto 31
	special_type  goto 32
	stmt_list  goto 42
	typ  goto 17


state 41
	formal_list : formal_list COMMA special_type ID .  (10)

	.  reduce 10


state 42
	fdecl : special_type ID LPAREN formals_opt RPAREN LBRACE vdecl_list stmt_list . RBRACE  (6)
	stmt_list : stmt_list . stmt  (24)

	LPAREN  shift 43
	LBRACE  shift 44
	RBRACE  shift 45
	MINUS  shift 46
	NOT  shift 47
	RETURN  shift 48
	IF  shift 49
	FOR  shift 50
	WHILE  shift 51
	CHARLIT  shift 52
	INTLIT  shift 53
	BLIT  shift 54
	ID  shift 55
	FLIT  shift 56
	STRLIT  shift 57
	.  error

	stmt  goto 58
	expr  goto 59


state 43
	expr : LPAREN . expr RPAREN  (59)

	LPAREN  shift 43
	LBRACE  shift 60
	MINUS  shift 46
	NOT  shift 47
	CHARLIT  shift 52
	INTLIT  shift 53
	BLIT  shift 54
	ID  shift 55
	FLIT  shift 56
	STRLIT  shift 57
	.  error

	expr  goto 61


44: shift/reduce conflict (shift 43, reduce 23) on LPAREN
44: shift/reduce conflict (shift 60, reduce 23) on LBRACE
44: shift/reduce conflict (shift 46, reduce 23) on MINUS
44: shift/reduce conflict (shift 47, reduce 23) on NOT
44: shift/reduce conflict (shift 52, reduce 23) on CHARLIT
44: shift/reduce conflict (shift 53, reduce 23) on INTLIT
44: shift/reduce conflict (shift 54, reduce 23) on BLIT
44: shift/reduce conflict (shift 55, reduce 23) on ID
44: shift/reduce conflict (shift 56, reduce 23) on FLIT
44: shift/reduce conflict (shift 57, reduce 23) on STRLIT
state 44
	stmt : LBRACE . stmt_list RBRACE  (27)
	expr : LBRACE . array_list RBRACE  (42)
	stmt_list : .  (23)

	LPAREN  shift 43
	LBRACE  shift 60
	MINUS  shift 46
	NOT  shift 47
	CHARLIT  shift 52
	INTLIT  shift 53
	BLIT  shift 54
	ID  shift 55
	FLIT  shift 56
	STRLIT  shift 57
	RBRACE  reduce 23
	RETURN  reduce 23
	IF  reduce 23
	FOR  reduce 23
	WHILE  reduce 23

	stmt_list  goto 62
	expr  goto 63
	array_list  goto 64


state 45
	fdecl : special_type ID LPAREN formals_opt RPAREN LBRACE vdecl_list stmt_list RBRACE .  (6)

	.  reduce 6


state 46
	expr : MINUS . expr  (55)

	LPAREN  shift 43
	LBRACE  shift 60
	MINUS  shift 46
	NOT  shift 47
	CHARLIT  shift 52
	INTLIT  shift 53
	BLIT  shift 54
	ID  shift 55
	FLIT  shift 56
	STRLIT  shift 57
	.  error

	expr  goto 65


state 47
	expr : NOT . expr  (56)

	LPAREN  shift 43
	LBRACE  shift 60
	MINUS  shift 46
	NOT  shift 47
	CHARLIT  shift 52
	INTLIT  shift 53
	BLIT  shift 54
	ID  shift 55
	FLIT  shift 56
	STRLIT  shift 57
	.  error

	expr  goto 66


state 48
	stmt : RETURN . expr_opt SEMI  (26)
	expr_opt : .  (32)

	LPAREN  shift 43
	LBRACE  shift 60
	MINUS  shift 46
	NOT  shift 47
	CHARLIT  shift 52
	INTLIT  shift 53
	BLIT  shift 54
	ID  shift 55
	FLIT  shift 56
	STRLIT  shift 57
	SEMI  reduce 32

	expr  goto 67
	expr_opt  goto 68


state 49
	stmt : IF . LPAREN expr RPAREN stmt  (28)
	stmt : IF . LPAREN expr RPAREN stmt ELSE stmt  (29)

	LPAREN  shift 69
	.  error


state 50
	stmt : FOR . LPAREN expr_opt SEMI expr SEMI expr_opt RPAREN stmt  (30)

	LPAREN  shift 70
	.  error


state 51
	stmt : WHILE . LPAREN expr RPAREN stmt  (31)

	LPAREN  shift 71
	.  error


state 52
	expr : CHARLIT .  (36)

	.  reduce 36


state 53
	expr : INTLIT .  (37)

	.  reduce 37


state 54
	expr : BLIT .  (38)

	.  reduce 38


state 55
	expr : ID .  (41)
	expr : ID . ASSIGN expr  (57)
	expr : ID . LPAREN args_opt RPAREN  (58)

	LPAREN  shift 72
	ASSIGN  shift 73
	SEMI  reduce 41
	RPAREN  reduce 41
	RBRACE  reduce 41
	COMMA  reduce 41
	PLUS  reduce 41
	MINUS  reduce 41
	TIMES  reduce 41
	DIVIDE  reduce 41
	EQ  reduce 41
	NEQ  reduce 41
	LT  reduce 41
	LEQ  reduce 41
	GT  reduce 41
	GEQ  reduce 41
	AND  reduce 41
	OR  reduce 41


state 56
	expr : FLIT .  (39)

	.  reduce 39


state 57
	expr : STRLIT .  (40)

	.  reduce 40


state 58
	stmt_list : stmt_list stmt .  (24)

	.  reduce 24


state 59
	stmt : expr . SEMI  (25)
	expr : expr . PLUS expr  (43)
	expr : expr . MINUS expr  (44)
	expr : expr . TIMES expr  (45)
	expr : expr . DIVIDE expr  (46)
	expr : expr . EQ expr  (47)
	expr : expr . NEQ expr  (48)
	expr : expr . LT expr  (49)
	expr : expr . LEQ expr  (50)
	expr : expr . GT expr  (51)
	expr : expr . GEQ expr  (52)
	expr : expr . AND expr  (53)
	expr : expr . OR expr  (54)

	SEMI  shift 74
	PLUS  shift 75
	MINUS  shift 76
	TIMES  shift 77
	DIVIDE  shift 78
	EQ  shift 79
	NEQ  shift 80
	LT  shift 81
	LEQ  shift 82
	GT  shift 83
	GEQ  shift 84
	AND  shift 85
	OR  shift 86
	.  error


state 60
	expr : LBRACE . array_list RBRACE  (42)

	LPAREN  shift 43
	LBRACE  shift 60
	MINUS  shift 46
	NOT  shift 47
	CHARLIT  shift 52
	INTLIT  shift 53
	BLIT  shift 54
	ID  shift 55
	FLIT  shift 56
	STRLIT  shift 57
	.  error

	expr  goto 63
	array_list  goto 64


state 61
	expr : expr . PLUS expr  (43)
	expr : expr . MINUS expr  (44)
	expr : expr . TIMES expr  (45)
	expr : expr . DIVIDE expr  (46)
	expr : expr . EQ expr  (47)
	expr : expr . NEQ expr  (48)
	expr : expr . LT expr  (49)
	expr : expr . LEQ expr  (50)
	expr : expr . GT expr  (51)
	expr : expr . GEQ expr  (52)
	expr : expr . AND expr  (53)
	expr : expr . OR expr  (54)
	expr : LPAREN expr . RPAREN  (59)

	RPAREN  shift 87
	PLUS  shift 75
	MINUS  shift 76
	TIMES  shift 77
	DIVIDE  shift 78
	EQ  shift 79
	NEQ  shift 80
	LT  shift 81
	LEQ  shift 82
	GT  shift 83
	GEQ  shift 84
	AND  shift 85
	OR  shift 86
	.  error


state 62
	stmt_list : stmt_list . stmt  (24)
	stmt : LBRACE stmt_list . RBRACE  (27)

	LPAREN  shift 43
	LBRACE  shift 44
	RBRACE  shift 88
	MINUS  shift 46
	NOT  shift 47
	RETURN  shift 48
	IF  shift 49
	FOR  shift 50
	WHILE  shift 51
	CHARLIT  shift 52
	INTLIT  shift 53
	BLIT  shift 54
	ID  shift 55
	FLIT  shift 56
	STRLIT  shift 57
	.  error

	stmt  goto 58
	expr  goto 59


state 63
	array_list : expr .  (34)
	expr : expr . PLUS expr  (43)
	expr : expr . MINUS expr  (44)
	expr : expr . TIMES expr  (45)
	expr : expr . DIVIDE expr  (46)
	expr : expr . EQ expr  (47)
	expr : expr . NEQ expr  (48)
	expr : expr . LT expr  (49)
	expr : expr . LEQ expr  (50)
	expr : expr . GT expr  (51)
	expr : expr . GEQ expr  (52)
	expr : expr . AND expr  (53)
	expr : expr . OR expr  (54)

	PLUS  shift 75
	MINUS  shift 76
	TIMES  shift 77
	DIVIDE  shift 78
	EQ  shift 79
	NEQ  shift 80
	LT  shift 81
	LEQ  shift 82
	GT  shift 83
	GEQ  shift 84
	AND  shift 85
	OR  shift 86
	RBRACE  reduce 34
	COMMA  reduce 34


state 64
	array_list : array_list . COMMA expr  (35)
	expr : LBRACE array_list . RBRACE  (42)

	RBRACE  shift 89
	COMMA  shift 90
	.  error


state 65
	expr : expr . PLUS expr  (43)
	expr : expr . MINUS expr  (44)
	expr : expr . TIMES expr  (45)
	expr : expr . DIVIDE expr  (46)
	expr : expr . EQ expr  (47)
	expr : expr . NEQ expr  (48)
	expr : expr . LT expr  (49)
	expr : expr . LEQ expr  (50)
	expr : expr . GT expr  (51)
	expr : expr . GEQ expr  (52)
	expr : expr . AND expr  (53)
	expr : expr . OR expr  (54)
	expr : MINUS expr .  (55)

	.  reduce 55


state 66
	expr : expr . PLUS expr  (43)
	expr : expr . MINUS expr  (44)
	expr : expr . TIMES expr  (45)
	expr : expr . DIVIDE expr  (46)
	expr : expr . EQ expr  (47)
	expr : expr . NEQ expr  (48)
	expr : expr . LT expr  (49)
	expr : expr . LEQ expr  (50)
	expr : expr . GT expr  (51)
	expr : expr . GEQ expr  (52)
	expr : expr . AND expr  (53)
	expr : expr . OR expr  (54)
	expr : NOT expr .  (56)

	.  reduce 56


state 67
	expr_opt : expr .  (33)
	expr : expr . PLUS expr  (43)
	expr : expr . MINUS expr  (44)
	expr : expr . TIMES expr  (45)
	expr : expr . DIVIDE expr  (46)
	expr : expr . EQ expr  (47)
	expr : expr . NEQ expr  (48)
	expr : expr . LT expr  (49)
	expr : expr . LEQ expr  (50)
	expr : expr . GT expr  (51)
	expr : expr . GEQ expr  (52)
	expr : expr . AND expr  (53)
	expr : expr . OR expr  (54)

	PLUS  shift 75
	MINUS  shift 76
	TIMES  shift 77
	DIVIDE  shift 78
	EQ  shift 79
	NEQ  shift 80
	LT  shift 81
	LEQ  shift 82
	GT  shift 83
	GEQ  shift 84
	AND  shift 85
	OR  shift 86
	SEMI  reduce 33
	RPAREN  reduce 33


state 68
	stmt : RETURN expr_opt . SEMI  (26)

	SEMI  shift 91
	.  error


state 69
	stmt : IF LPAREN . expr RPAREN stmt  (28)
	stmt : IF LPAREN . expr RPAREN stmt ELSE stmt  (29)

	LPAREN  shift 43
	LBRACE  shift 60
	MINUS  shift 46
	NOT  shift 47
	CHARLIT  shift 52
	INTLIT  shift 53
	BLIT  shift 54
	ID  shift 55
	FLIT  shift 56
	STRLIT  shift 57
	.  error

	expr  goto 92


state 70
	stmt : FOR LPAREN . expr_opt SEMI expr SEMI expr_opt RPAREN stmt  (30)
	expr_opt : .  (32)

	LPAREN  shift 43
	LBRACE  shift 60
	MINUS  shift 46
	NOT  shift 47
	CHARLIT  shift 52
	INTLIT  shift 53
	BLIT  shift 54
	ID  shift 55
	FLIT  shift 56
	STRLIT  shift 57
	SEMI  reduce 32

	expr  goto 67
	expr_opt  goto 93


state 71
	stmt : WHILE LPAREN . expr RPAREN stmt  (31)

	LPAREN  shift 43
	LBRACE  shift 60
	MINUS  shift 46
	NOT  shift 47
	CHARLIT  shift 52
	INTLIT  shift 53
	BLIT  shift 54
	ID  shift 55
	FLIT  shift 56
	STRLIT  shift 57
	.  error

	expr  goto 94


state 72
	expr : ID LPAREN . args_opt RPAREN  (58)
	args_opt : .  (60)

	LPAREN  shift 43
	LBRACE  shift 60
	MINUS  shift 46
	NOT  shift 47
	CHARLIT  shift 52
	INTLIT  shift 53
	BLIT  shift 54
	ID  shift 55
	FLIT  shift 56
	STRLIT  shift 57
	RPAREN  reduce 60

	expr  goto 95
	args_opt  goto 96
	args_list  goto 97


state 73
	expr : ID ASSIGN . expr  (57)

	LPAREN  shift 43
	LBRACE  shift 60
	MINUS  shift 46
	NOT  shift 47
	CHARLIT  shift 52
	INTLIT  shift 53
	BLIT  shift 54
	ID  shift 55
	FLIT  shift 56
	STRLIT  shift 57
	.  error

	expr  goto 98


state 74
	stmt : expr SEMI .  (25)

	.  reduce 25


state 75
	expr : expr PLUS . expr  (43)

	LPAREN  shift 43
	LBRACE  shift 60
	MINUS  shift 46
	NOT  shift 47
	CHARLIT  shift 52
	INTLIT  shift 53
	BLIT  shift 54
	ID  shift 55
	FLIT  shift 56
	STRLIT  shift 57
	.  error

	expr  goto 99


state 76
	expr : expr MINUS . expr  (44)

	LPAREN  shift 43
	LBRACE  shift 60
	MINUS  shift 46
	NOT  shift 47
	CHARLIT  shift 52
	INTLIT  shift 53
	BLIT  shift 54
	ID  shift 55
	FLIT  shift 56
	STRLIT  shift 57
	.  error

	expr  goto 100


state 77
	expr : expr TIMES . expr  (45)

	LPAREN  shift 43
	LBRACE  shift 60
	MINUS  shift 46
	NOT  shift 47
	CHARLIT  shift 52
	INTLIT  shift 53
	BLIT  shift 54
	ID  shift 55
	FLIT  shift 56
	STRLIT  shift 57
	.  error

	expr  goto 101


state 78
	expr : expr DIVIDE . expr  (46)

	LPAREN  shift 43
	LBRACE  shift 60
	MINUS  shift 46
	NOT  shift 47
	CHARLIT  shift 52
	INTLIT  shift 53
	BLIT  shift 54
	ID  shift 55
	FLIT  shift 56
	STRLIT  shift 57
	.  error

	expr  goto 102


state 79
	expr : expr EQ . expr  (47)

	LPAREN  shift 43
	LBRACE  shift 60
	MINUS  shift 46
	NOT  shift 47
	CHARLIT  shift 52
	INTLIT  shift 53
	BLIT  shift 54
	ID  shift 55
	FLIT  shift 56
	STRLIT  shift 57
	.  error

	expr  goto 103


state 80
	expr : expr NEQ . expr  (48)

	LPAREN  shift 43
	LBRACE  shift 60
	MINUS  shift 46
	NOT  shift 47
	CHARLIT  shift 52
	INTLIT  shift 53
	BLIT  shift 54
	ID  shift 55
	FLIT  shift 56
	STRLIT  shift 57
	.  error

	expr  goto 104


state 81
	expr : expr LT . expr  (49)

	LPAREN  shift 43
	LBRACE  shift 60
	MINUS  shift 46
	NOT  shift 47
	CHARLIT  shift 52
	INTLIT  shift 53
	BLIT  shift 54
	ID  shift 55
	FLIT  shift 56
	STRLIT  shift 57
	.  error

	expr  goto 105


state 82
	expr : expr LEQ . expr  (50)

	LPAREN  shift 43
	LBRACE  shift 60
	MINUS  shift 46
	NOT  shift 47
	CHARLIT  shift 52
	INTLIT  shift 53
	BLIT  shift 54
	ID  shift 55
	FLIT  shift 56
	STRLIT  shift 57
	.  error

	expr  goto 106


state 83
	expr : expr GT . expr  (51)

	LPAREN  shift 43
	LBRACE  shift 60
	MINUS  shift 46
	NOT  shift 47
	CHARLIT  shift 52
	INTLIT  shift 53
	BLIT  shift 54
	ID  shift 55
	FLIT  shift 56
	STRLIT  shift 57
	.  error

	expr  goto 107


state 84
	expr : expr GEQ . expr  (52)

	LPAREN  shift 43
	LBRACE  shift 60
	MINUS  shift 46
	NOT  shift 47
	CHARLIT  shift 52
	INTLIT  shift 53
	BLIT  shift 54
	ID  shift 55
	FLIT  shift 56
	STRLIT  shift 57
	.  error

	expr  goto 108


state 85
	expr : expr AND . expr  (53)

	LPAREN  shift 43
	LBRACE  shift 60
	MINUS  shift 46
	NOT  shift 47
	CHARLIT  shift 52
	INTLIT  shift 53
	BLIT  shift 54
	ID  shift 55
	FLIT  shift 56
	STRLIT  shift 57
	.  error

	expr  goto 109


state 86
	expr : expr OR . expr  (54)

	LPAREN  shift 43
	LBRACE  shift 60
	MINUS  shift 46
	NOT  shift 47
	CHARLIT  shift 52
	INTLIT  shift 53
	BLIT  shift 54
	ID  shift 55
	FLIT  shift 56
	STRLIT  shift 57
	.  error

	expr  goto 110


state 87
	expr : LPAREN expr RPAREN .  (59)

	.  reduce 59


state 88
	stmt : LBRACE stmt_list RBRACE .  (27)

	.  reduce 27


state 89
	expr : LBRACE array_list RBRACE .  (42)

	.  reduce 42


state 90
	array_list : array_list COMMA . expr  (35)

	LPAREN  shift 43
	LBRACE  shift 60
	MINUS  shift 46
	NOT  shift 47
	CHARLIT  shift 52
	INTLIT  shift 53
	BLIT  shift 54
	ID  shift 55
	FLIT  shift 56
	STRLIT  shift 57
	.  error

	expr  goto 111


state 91
	stmt : RETURN expr_opt SEMI .  (26)

	.  reduce 26


state 92
	stmt : IF LPAREN expr . RPAREN stmt  (28)
	stmt : IF LPAREN expr . RPAREN stmt ELSE stmt  (29)
	expr : expr . PLUS expr  (43)
	expr : expr . MINUS expr  (44)
	expr : expr . TIMES expr  (45)
	expr : expr . DIVIDE expr  (46)
	expr : expr . EQ expr  (47)
	expr : expr . NEQ expr  (48)
	expr : expr . LT expr  (49)
	expr : expr . LEQ expr  (50)
	expr : expr . GT expr  (51)
	expr : expr . GEQ expr  (52)
	expr : expr . AND expr  (53)
	expr : expr . OR expr  (54)

	RPAREN  shift 112
	PLUS  shift 75
	MINUS  shift 76
	TIMES  shift 77
	DIVIDE  shift 78
	EQ  shift 79
	NEQ  shift 80
	LT  shift 81
	LEQ  shift 82
	GT  shift 83
	GEQ  shift 84
	AND  shift 85
	OR  shift 86
	.  error


state 93
	stmt : FOR LPAREN expr_opt . SEMI expr SEMI expr_opt RPAREN stmt  (30)

	SEMI  shift 113
	.  error


state 94
	stmt : WHILE LPAREN expr . RPAREN stmt  (31)
	expr : expr . PLUS expr  (43)
	expr : expr . MINUS expr  (44)
	expr : expr . TIMES expr  (45)
	expr : expr . DIVIDE expr  (46)
	expr : expr . EQ expr  (47)
	expr : expr . NEQ expr  (48)
	expr : expr . LT expr  (49)
	expr : expr . LEQ expr  (50)
	expr : expr . GT expr  (51)
	expr : expr . GEQ expr  (52)
	expr : expr . AND expr  (53)
	expr : expr . OR expr  (54)

	RPAREN  shift 114
	PLUS  shift 75
	MINUS  shift 76
	TIMES  shift 77
	DIVIDE  shift 78
	EQ  shift 79
	NEQ  shift 80
	LT  shift 81
	LEQ  shift 82
	GT  shift 83
	GEQ  shift 84
	AND  shift 85
	OR  shift 86
	.  error


state 95
	expr : expr . PLUS expr  (43)
	expr : expr . MINUS expr  (44)
	expr : expr . TIMES expr  (45)
	expr : expr . DIVIDE expr  (46)
	expr : expr . EQ expr  (47)
	expr : expr . NEQ expr  (48)
	expr : expr . LT expr  (49)
	expr : expr . LEQ expr  (50)
	expr : expr . GT expr  (51)
	expr : expr . GEQ expr  (52)
	expr : expr . AND expr  (53)
	expr : expr . OR expr  (54)
	args_list : expr .  (62)

	PLUS  shift 75
	MINUS  shift 76
	TIMES  shift 77
	DIVIDE  shift 78
	EQ  shift 79
	NEQ  shift 80
	LT  shift 81
	LEQ  shift 82
	GT  shift 83
	GEQ  shift 84
	AND  shift 85
	OR  shift 86
	RPAREN  reduce 62
	COMMA  reduce 62


state 96
	expr : ID LPAREN args_opt . RPAREN  (58)

	RPAREN  shift 115
	.  error


state 97
	args_opt : args_list .  (61)
	args_list : args_list . COMMA expr  (63)

	COMMA  shift 116
	RPAREN  reduce 61


state 98
	expr : expr . PLUS expr  (43)
	expr : expr . MINUS expr  (44)
	expr : expr . TIMES expr  (45)
	expr : expr . DIVIDE expr  (46)
	expr : expr . EQ expr  (47)
	expr : expr . NEQ expr  (48)
	expr : expr . LT expr  (49)
	expr : expr . LEQ expr  (50)
	expr : expr . GT expr  (51)
	expr : expr . GEQ expr  (52)
	expr : expr . AND expr  (53)
	expr : expr . OR expr  (54)
	expr : ID ASSIGN expr .  (57)

	PLUS  shift 75
	MINUS  shift 76
	TIMES  shift 77
	DIVIDE  shift 78
	EQ  shift 79
	NEQ  shift 80
	LT  shift 81
	LEQ  shift 82
	GT  shift 83
	GEQ  shift 84
	AND  shift 85
	OR  shift 86
	SEMI  reduce 57
	RPAREN  reduce 57
	RBRACE  reduce 57
	COMMA  reduce 57


state 99
	expr : expr . PLUS expr  (43)
	expr : expr PLUS expr .  (43)
	expr : expr . MINUS expr  (44)
	expr : expr . TIMES expr  (45)
	expr : expr . DIVIDE expr  (46)
	expr : expr . EQ expr  (47)
	expr : expr . NEQ expr  (48)
	expr : expr . LT expr  (49)
	expr : expr . LEQ expr  (50)
	expr : expr . GT expr  (51)
	expr : expr . GEQ expr  (52)
	expr : expr . AND expr  (53)
	expr : expr . OR expr  (54)

	TIMES  shift 77
	DIVIDE  shift 78
	SEMI  reduce 43
	RPAREN  reduce 43
	RBRACE  reduce 43
	COMMA  reduce 43
	PLUS  reduce 43
	MINUS  reduce 43
	EQ  reduce 43
	NEQ  reduce 43
	LT  reduce 43
	LEQ  reduce 43
	GT  reduce 43
	GEQ  reduce 43
	AND  reduce 43
	OR  reduce 43


state 100
	expr : expr . PLUS expr  (43)
	expr : expr . MINUS expr  (44)
	expr : expr MINUS expr .  (44)
	expr : expr . TIMES expr  (45)
	expr : expr . DIVIDE expr  (46)
	expr : expr . EQ expr  (47)
	expr : expr . NEQ expr  (48)
	expr : expr . LT expr  (49)
	expr : expr . LEQ expr  (50)
	expr : expr . GT expr  (51)
	expr : expr . GEQ expr  (52)
	expr : expr . AND expr  (53)
	expr : expr . OR expr  (54)

	TIMES  shift 77
	DIVIDE  shift 78
	SEMI  reduce 44
	RPAREN  reduce 44
	RBRACE  reduce 44
	COMMA  reduce 44
	PLUS  reduce 44
	MINUS  reduce 44
	EQ  reduce 44
	NEQ  reduce 44
	LT  reduce 44
	LEQ  reduce 44
	GT  reduce 44
	GEQ  reduce 44
	AND  reduce 44
	OR  reduce 44


state 101
	expr : expr . PLUS expr  (43)
	expr : expr . MINUS expr  (44)
	expr : expr . TIMES expr  (45)
	expr : expr TIMES expr .  (45)
	expr : expr . DIVIDE expr  (46)
	expr : expr . EQ expr  (47)
	expr : expr . NEQ expr  (48)
	expr : expr . LT expr  (49)
	expr : expr . LEQ expr  (50)
	expr : expr . GT expr  (51)
	expr : expr . GEQ expr  (52)
	expr : expr . AND expr  (53)
	expr : expr . OR expr  (54)

	.  reduce 45


state 102
	expr : expr . PLUS expr  (43)
	expr : expr . MINUS expr  (44)
	expr : expr . TIMES expr  (45)
	expr : expr . DIVIDE expr  (46)
	expr : expr DIVIDE expr .  (46)
	expr : expr . EQ expr  (47)
	expr : expr . NEQ expr  (48)
	expr : expr . LT expr  (49)
	expr : expr . LEQ expr  (50)
	expr : expr . GT expr  (51)
	expr : expr . GEQ expr  (52)
	expr : expr . AND expr  (53)
	expr : expr . OR expr  (54)

	.  reduce 46


state 103
	expr : expr . PLUS expr  (43)
	expr : expr . MINUS expr  (44)
	expr : expr . TIMES expr  (45)
	expr : expr . DIVIDE expr  (46)
	expr : expr . EQ expr  (47)
	expr : expr EQ expr .  (47)
	expr : expr . NEQ expr  (48)
	expr : expr . LT expr  (49)
	expr : expr . LEQ expr  (50)
	expr : expr . GT expr  (51)
	expr : expr . GEQ expr  (52)
	expr : expr . AND expr  (53)
	expr : expr . OR expr  (54)

	PLUS  shift 75
	MINUS  shift 76
	TIMES  shift 77
	DIVIDE  shift 78
	LT  shift 81
	LEQ  shift 82
	GT  shift 83
	GEQ  shift 84
	SEMI  reduce 47
	RPAREN  reduce 47
	RBRACE  reduce 47
	COMMA  reduce 47
	EQ  reduce 47
	NEQ  reduce 47
	AND  reduce 47
	OR  reduce 47


state 104
	expr : expr . PLUS expr  (43)
	expr : expr . MINUS expr  (44)
	expr : expr . TIMES expr  (45)
	expr : expr . DIVIDE expr  (46)
	expr : expr . EQ expr  (47)
	expr : expr . NEQ expr  (48)
	expr : expr NEQ expr .  (48)
	expr : expr . LT expr  (49)
	expr : expr . LEQ expr  (50)
	expr : expr . GT expr  (51)
	expr : expr . GEQ expr  (52)
	expr : expr . AND expr  (53)
	expr : expr . OR expr  (54)

	PLUS  shift 75
	MINUS  shift 76
	TIMES  shift 77
	DIVIDE  shift 78
	LT  shift 81
	LEQ  shift 82
	GT  shift 83
	GEQ  shift 84
	SEMI  reduce 48
	RPAREN  reduce 48
	RBRACE  reduce 48
	COMMA  reduce 48
	EQ  reduce 48
	NEQ  reduce 48
	AND  reduce 48
	OR  reduce 48


state 105
	expr : expr . PLUS expr  (43)
	expr : expr . MINUS expr  (44)
	expr : expr . TIMES expr  (45)
	expr : expr . DIVIDE expr  (46)
	expr : expr . EQ expr  (47)
	expr : expr . NEQ expr  (48)
	expr : expr . LT expr  (49)
	expr : expr LT expr .  (49)
	expr : expr . LEQ expr  (50)
	expr : expr . GT expr  (51)
	expr : expr . GEQ expr  (52)
	expr : expr . AND expr  (53)
	expr : expr . OR expr  (54)

	PLUS  shift 75
	MINUS  shift 76
	TIMES  shift 77
	DIVIDE  shift 78
	SEMI  reduce 49
	RPAREN  reduce 49
	RBRACE  reduce 49
	COMMA  reduce 49
	EQ  reduce 49
	NEQ  reduce 49
	LT  reduce 49
	LEQ  reduce 49
	GT  reduce 49
	GEQ  reduce 49
	AND  reduce 49
	OR  reduce 49


state 106
	expr : expr . PLUS expr  (43)
	expr : expr . MINUS expr  (44)
	expr : expr . TIMES expr  (45)
	expr : expr . DIVIDE expr  (46)
	expr : expr . EQ expr  (47)
	expr : expr . NEQ expr  (48)
	expr : expr . LT expr  (49)
	expr : expr . LEQ expr  (50)
	expr : expr LEQ expr .  (50)
	expr : expr . GT expr  (51)
	expr : expr . GEQ expr  (52)
	expr : expr . AND expr  (53)
	expr : expr . OR expr  (54)

	PLUS  shift 75
	MINUS  shift 76
	TIMES  shift 77
	DIVIDE  shift 78
	SEMI  reduce 50
	RPAREN  reduce 50
	RBRACE  reduce 50
	COMMA  reduce 50
	EQ  reduce 50
	NEQ  reduce 50
	LT  reduce 50
	LEQ  reduce 50
	GT  reduce 50
	GEQ  reduce 50
	AND  reduce 50
	OR  reduce 50


state 107
	expr : expr . PLUS expr  (43)
	expr : expr . MINUS expr  (44)
	expr : expr . TIMES expr  (45)
	expr : expr . DIVIDE expr  (46)
	expr : expr . EQ expr  (47)
	expr : expr . NEQ expr  (48)
	expr : expr . LT expr  (49)
	expr : expr . LEQ expr  (50)
	expr : expr . GT expr  (51)
	expr : expr GT expr .  (51)
	expr : expr . GEQ expr  (52)
	expr : expr . AND expr  (53)
	expr : expr . OR expr  (54)

	PLUS  shift 75
	MINUS  shift 76
	TIMES  shift 77
	DIVIDE  shift 78
	SEMI  reduce 51
	RPAREN  reduce 51
	RBRACE  reduce 51
	COMMA  reduce 51
	EQ  reduce 51
	NEQ  reduce 51
	LT  reduce 51
	LEQ  reduce 51
	GT  reduce 51
	GEQ  reduce 51
	AND  reduce 51
	OR  reduce 51


state 108
	expr : expr . PLUS expr  (43)
	expr : expr . MINUS expr  (44)
	expr : expr . TIMES expr  (45)
	expr : expr . DIVIDE expr  (46)
	expr : expr . EQ expr  (47)
	expr : expr . NEQ expr  (48)
	expr : expr . LT expr  (49)
	expr : expr . LEQ expr  (50)
	expr : expr . GT expr  (51)
	expr : expr . GEQ expr  (52)
	expr : expr GEQ expr .  (52)
	expr : expr . AND expr  (53)
	expr : expr . OR expr  (54)

	PLUS  shift 75
	MINUS  shift 76
	TIMES  shift 77
	DIVIDE  shift 78
	SEMI  reduce 52
	RPAREN  reduce 52
	RBRACE  reduce 52
	COMMA  reduce 52
	EQ  reduce 52
	NEQ  reduce 52
	LT  reduce 52
	LEQ  reduce 52
	GT  reduce 52
	GEQ  reduce 52
	AND  reduce 52
	OR  reduce 52


state 109
	expr : expr . PLUS expr  (43)
	expr : expr . MINUS expr  (44)
	expr : expr . TIMES expr  (45)
	expr : expr . DIVIDE expr  (46)
	expr : expr . EQ expr  (47)
	expr : expr . NEQ expr  (48)
	expr : expr . LT expr  (49)
	expr : expr . LEQ expr  (50)
	expr : expr . GT expr  (51)
	expr : expr . GEQ expr  (52)
	expr : expr . AND expr  (53)
	expr : expr AND expr .  (53)
	expr : expr . OR expr  (54)

	PLUS  shift 75
	MINUS  shift 76
	TIMES  shift 77
	DIVIDE  shift 78
	EQ  shift 79
	NEQ  shift 80
	LT  shift 81
	LEQ  shift 82
	GT  shift 83
	GEQ  shift 84
	SEMI  reduce 53
	RPAREN  reduce 53
	RBRACE  reduce 53
	COMMA  reduce 53
	AND  reduce 53
	OR  reduce 53


state 110
	expr : expr . PLUS expr  (43)
	expr : expr . MINUS expr  (44)
	expr : expr . TIMES expr  (45)
	expr : expr . DIVIDE expr  (46)
	expr : expr . EQ expr  (47)
	expr : expr . NEQ expr  (48)
	expr : expr . LT expr  (49)
	expr : expr . LEQ expr  (50)
	expr : expr . GT expr  (51)
	expr : expr . GEQ expr  (52)
	expr : expr . AND expr  (53)
	expr : expr . OR expr  (54)
	expr : expr OR expr .  (54)

	PLUS  shift 75
	MINUS  shift 76
	TIMES  shift 77
	DIVIDE  shift 78
	EQ  shift 79
	NEQ  shift 80
	LT  shift 81
	LEQ  shift 82
	GT  shift 83
	GEQ  shift 84
	AND  shift 85
	SEMI  reduce 54
	RPAREN  reduce 54
	RBRACE  reduce 54
	COMMA  reduce 54
	OR  reduce 54


state 111
	array_list : array_list COMMA expr .  (35)
	expr : expr . PLUS expr  (43)
	expr : expr . MINUS expr  (44)
	expr : expr . TIMES expr  (45)
	expr : expr . DIVIDE expr  (46)
	expr : expr . EQ expr  (47)
	expr : expr . NEQ expr  (48)
	expr : expr . LT expr  (49)
	expr : expr . LEQ expr  (50)
	expr : expr . GT expr  (51)
	expr : expr . GEQ expr  (52)
	expr : expr . AND expr  (53)
	expr : expr . OR expr  (54)

	PLUS  shift 75
	MINUS  shift 76
	TIMES  shift 77
	DIVIDE  shift 78
	EQ  shift 79
	NEQ  shift 80
	LT  shift 81
	LEQ  shift 82
	GT  shift 83
	GEQ  shift 84
	AND  shift 85
	OR  shift 86
	RBRACE  reduce 35
	COMMA  reduce 35


state 112
	stmt : IF LPAREN expr RPAREN . stmt  (28)
	stmt : IF LPAREN expr RPAREN . stmt ELSE stmt  (29)

	LPAREN  shift 43
	LBRACE  shift 44
	MINUS  shift 46
	NOT  shift 47
	RETURN  shift 48
	IF  shift 49
	FOR  shift 50
	WHILE  shift 51
	CHARLIT  shift 52
	INTLIT  shift 53
	BLIT  shift 54
	ID  shift 55
	FLIT  shift 56
	STRLIT  shift 57
	.  error

	stmt  goto 117
	expr  goto 59


state 113
	stmt : FOR LPAREN expr_opt SEMI . expr SEMI expr_opt RPAREN stmt  (30)

	LPAREN  shift 43
	LBRACE  shift 60
	MINUS  shift 46
	NOT  shift 47
	CHARLIT  shift 52
	INTLIT  shift 53
	BLIT  shift 54
	ID  shift 55
	FLIT  shift 56
	STRLIT  shift 57
	.  error

	expr  goto 118


state 114
	stmt : WHILE LPAREN expr RPAREN . stmt  (31)

	LPAREN  shift 43
	LBRACE  shift 44
	MINUS  shift 46
	NOT  shift 47
	RETURN  shift 48
	IF  shift 49
	FOR  shift 50
	WHILE  shift 51
	CHARLIT  shift 52
	INTLIT  shift 53
	BLIT  shift 54
	ID  shift 55
	FLIT  shift 56
	STRLIT  shift 57
	.  error

	stmt  goto 119
	expr  goto 59


state 115
	expr : ID LPAREN args_opt RPAREN .  (58)

	.  reduce 58


state 116
	args_list : args_list COMMA . expr  (63)

	LPAREN  shift 43
	LBRACE  shift 60
	MINUS  shift 46
	NOT  shift 47
	CHARLIT  shift 52
	INTLIT  shift 53
	BLIT  shift 54
	ID  shift 55
	FLIT  shift 56
	STRLIT  shift 57
	.  error

	expr  goto 120


state 117
	stmt : IF LPAREN expr RPAREN stmt .  (28)
	stmt : IF LPAREN expr RPAREN stmt . ELSE stmt  (29)

	ELSE  shift 121
	LPAREN  reduce 28
	LBRACE  reduce 28
	RBRACE  reduce 28
	MINUS  reduce 28
	NOT  reduce 28
	RETURN  reduce 28
	IF  reduce 28
	FOR  reduce 28
	WHILE  reduce 28
	CHARLIT  reduce 28
	INTLIT  reduce 28
	BLIT  reduce 28
	ID  reduce 28
	FLIT  reduce 28
	STRLIT  reduce 28


state 118
	stmt : FOR LPAREN expr_opt SEMI expr . SEMI expr_opt RPAREN stmt  (30)
	expr : expr . PLUS expr  (43)
	expr : expr . MINUS expr  (44)
	expr : expr . TIMES expr  (45)
	expr : expr . DIVIDE expr  (46)
	expr : expr . EQ expr  (47)
	expr : expr . NEQ expr  (48)
	expr : expr . LT expr  (49)
	expr : expr . LEQ expr  (50)
	expr : expr . GT expr  (51)
	expr : expr . GEQ expr  (52)
	expr : expr . AND expr  (53)
	expr : expr . OR expr  (54)

	SEMI  shift 122
	PLUS  shift 75
	MINUS  shift 76
	TIMES  shift 77
	DIVIDE  shift 78
	EQ  shift 79
	NEQ  shift 80
	LT  shift 81
	LEQ  shift 82
	GT  shift 83
	GEQ  shift 84
	AND  shift 85
	OR  shift 86
	.  error


state 119
	stmt : WHILE LPAREN expr RPAREN stmt .  (31)

	.  reduce 31


state 120
	expr : expr . PLUS expr  (43)
	expr : expr . MINUS expr  (44)
	expr : expr . TIMES expr  (45)
	expr : expr . DIVIDE expr  (46)
	expr : expr . EQ expr  (47)
	expr : expr . NEQ expr  (48)
	expr : expr . LT expr  (49)
	expr : expr . LEQ expr  (50)
	expr : expr . GT expr  (51)
	expr : expr . GEQ expr  (52)
	expr : expr . AND expr  (53)
	expr : expr . OR expr  (54)
	args_list : args_list COMMA expr .  (63)

	PLUS  shift 75
	MINUS  shift 76
	TIMES  shift 77
	DIVIDE  shift 78
	EQ  shift 79
	NEQ  shift 80
	LT  shift 81
	LEQ  shift 82
	GT  shift 83
	GEQ  shift 84
	AND  shift 85
	OR  shift 86
	RPAREN  reduce 63
	COMMA  reduce 63


state 121
	stmt : IF LPAREN expr RPAREN stmt ELSE . stmt  (29)

	LPAREN  shift 43
	LBRACE  shift 44
	MINUS  shift 46
	NOT  shift 47
	RETURN  shift 48
	IF  shift 49
	FOR  shift 50
	WHILE  shift 51
	CHARLIT  shift 52
	INTLIT  shift 53
	BLIT  shift 54
	ID  shift 55
	FLIT  shift 56
	STRLIT  shift 57
	.  error

	stmt  goto 123
	expr  goto 59


state 122
	stmt : FOR LPAREN expr_opt SEMI expr SEMI . expr_opt RPAREN stmt  (30)
	expr_opt : .  (32)

	LPAREN  shift 43
	LBRACE  shift 60
	MINUS  shift 46
	NOT  shift 47
	CHARLIT  shift 52
	INTLIT  shift 53
	BLIT  shift 54
	ID  shift 55
	FLIT  shift 56
	STRLIT  shift 57
	RPAREN  reduce 32

	expr  goto 67
	expr_opt  goto 124


state 123
	stmt : IF LPAREN expr RPAREN stmt ELSE stmt .  (29)

	.  reduce 29


state 124
	stmt : FOR LPAREN expr_opt SEMI expr SEMI expr_opt . RPAREN stmt  (30)

	RPAREN  shift 125
	.  error


state 125
	stmt : FOR LPAREN expr_opt SEMI expr SEMI expr_opt RPAREN . stmt  (30)

	LPAREN  shift 43
	LBRACE  shift 44
	MINUS  shift 46
	NOT  shift 47
	RETURN  shift 48
	IF  shift 49
	FOR  shift 50
	WHILE  shift 51
	CHARLIT  shift 52
	INTLIT  shift 53
	BLIT  shift 54
	ID  shift 55
	FLIT  shift 56
	STRLIT  shift 57
	.  error

	stmt  goto 126
	expr  goto 59


state 126
	stmt : FOR LPAREN expr_opt SEMI expr SEMI expr_opt RPAREN stmt .  (30)

	.  reduce 30


State 44 contains 10 shift/reduce conflicts.


46 terminals, 19 nonterminals
65 grammar rules, 127 states
